15:38:30: Creating resource group General
15:38:30: Creating resource group Internal
15:38:30: Creating resource group Autodetect
15:38:30: SceneManagerFactory for type 'DefaultSceneManager' registered.
15:38:30: Registering ResourceManager for type Material
15:38:30: Registering ResourceManager for type Mesh
15:38:30: Registering ResourceManager for type Skeleton
15:38:30: MovableObjectFactory for type 'ParticleSystem' registered.
15:38:30: OverlayElementFactory for type Panel registered.
15:38:30: OverlayElementFactory for type BorderPanel registered.
15:38:30: OverlayElementFactory for type TextArea registered.
15:38:30: Registering ResourceManager for type Font
15:38:30: ArchiveFactory for archive type FileSystem registered.
15:38:30: ArchiveFactory for archive type Zip registered.
15:38:30: DDS codec registering
15:38:30: FreeImage version: 3.13.1
15:38:30: This program uses FreeImage, a free, open source image library supporting all common bitmap formats. See http://freeimage.sourceforge.net for details
15:38:30: Supported formats: bmp,ico,jpg,jif,jpeg,jpe,jng,koa,iff,lbm,mng,pbm,pbm,pcd,pcx,pgm,pgm,png,ppm,ppm,ras,tga,targa,tif,tiff,wap,wbmp,wbm,psd,cut,xbm,xpm,gif,hdr,g3,sgi,exr,j2k,j2c,jp2,pfm,pct,pict,pic,bay,bmq,cr2,crw,cs1,dc2,dcr,dng,erf,fff,hdr,k25,kdc,mdc,mos,mrw,nef,orf,pef,pxn,raf,raw,rdc,sr2,srf,arw,3fr,cine,ia,kc2,mef,nrw,qtk,rw2,sti,drf,dsc,ptx,cap,iiq,rwz
15:38:30: PVRTC codec registering
15:38:30: Registering ResourceManager for type HighLevelGpuProgram
15:38:30: Registering ResourceManager for type Compositor
15:38:30: MovableObjectFactory for type 'Entity' registered.
15:38:30: MovableObjectFactory for type 'Light' registered.
15:38:30: MovableObjectFactory for type 'BillboardSet' registered.
15:38:30: MovableObjectFactory for type 'ManualObject' registered.
15:38:30: MovableObjectFactory for type 'BillboardChain' registered.
15:38:30: MovableObjectFactory for type 'RibbonTrail' registered.
15:38:30: Loading library .\RenderSystem_Direct3D9
15:38:30: Installing plugin: D3D9 RenderSystem
15:38:30: D3D9 : Direct3D9 Rendering Subsystem created.
15:38:30: D3D9: Driver Detection Starts
15:38:30: D3D9: Driver Detection Ends
15:38:30: Plugin successfully installed
15:38:30: Loading library .\Plugin_ParticleFX
15:38:30: Installing plugin: ParticleFX
15:38:30: Particle Emitter Type 'Point' registered
15:38:30: Particle Emitter Type 'Box' registered
15:38:30: Particle Emitter Type 'Ellipsoid' registered
15:38:30: Particle Emitter Type 'Cylinder' registered
15:38:30: Particle Emitter Type 'Ring' registered
15:38:30: Particle Emitter Type 'HollowEllipsoid' registered
15:38:30: Particle Affector Type 'LinearForce' registered
15:38:30: Particle Affector Type 'ColourFader' registered
15:38:30: Particle Affector Type 'ColourFader2' registered
15:38:30: Particle Affector Type 'ColourImage' registered
15:38:30: Particle Affector Type 'ColourInterpolator' registered
15:38:30: Particle Affector Type 'Scaler' registered
15:38:30: Particle Affector Type 'Rotator' registered
15:38:30: Particle Affector Type 'DirectionRandomiser' registered
15:38:30: Particle Affector Type 'DeflectorPlane' registered
15:38:30: Plugin successfully installed
15:38:30: Loading library .\Plugin_OctreeSceneManager
15:38:30: Installing plugin: Octree & Terrain Scene Manager
15:38:30: Plugin successfully installed
15:38:30: Loading library .\Plugin_CgProgramManager
15:38:30: Installing plugin: Cg Program Manager
15:38:30: Plugin successfully installed
15:38:30: *-*-* OGRE Initialising
15:38:30: *-*-* Version 1.7.1 (Cthugha)
15:38:30: CPU Identifier & Features
15:38:31: -------------------------
15:38:31:  *   CPU ID: GenuineIntel: Intel(R) Core(TM) i7-4558U CPU @ 2.80GHz
15:38:31:  *      SSE: yes
15:38:31:  *     SSE2: yes
15:38:31:  *     SSE3: yes
15:38:31:  *      MMX: yes
15:38:31:  *   MMXEXT: yes
15:38:31:  *    3DNOW: no
15:38:31:  * 3DNOWEXT: no
15:38:31:  *     CMOV: yes
15:38:31:  *      TSC: yes
15:38:31:  *      FPU: yes
15:38:31:  *      PRO: yes
15:38:31:  *       HT: no
15:38:31: -------------------------
15:38:31: D3D9 : Subsystem Initialising
15:38:31: Registering ResourceManager for type Texture
15:38:31: Registering ResourceManager for type GpuProgram
15:38:31: ***************************************
15:38:31: *** D3D9 : Subsystem Initialised OK ***
15:38:31: ***************************************
15:38:31: D3D9RenderSystem::_createRenderWindow "Mogre Quickstart 2010", 800x600 windowed  miscParams: vsync=true 
15:38:31: D3D9 : Created D3D9 Rendering Window 'Mogre Quickstart 2010' : 800x600, 32bpp
15:38:31: D3D9: Vertex texture format supported - PF_FLOAT16_RGB
15:38:31: D3D9: Vertex texture format supported - PF_FLOAT16_RGBA
15:38:31: D3D9: Vertex texture format supported - PF_FLOAT32_RGB
15:38:31: D3D9: Vertex texture format supported - PF_FLOAT32_RGBA
15:38:31: D3D9: Vertex texture format supported - PF_FLOAT16_R
15:38:31: D3D9: Vertex texture format supported - PF_FLOAT32_R
15:38:31: D3D9: Vertex texture format supported - PF_FLOAT16_GR
15:38:31: D3D9: Vertex texture format supported - PF_FLOAT32_GR
15:38:31: RenderSystem capabilities
15:38:31: -------------------------
15:38:31: RenderSystem Name: Direct3D9 Rendering Subsystem
15:38:31: GPU Vendor: unknown
15:38:31: Device Name: Monitor-1-VMware SVGA 3D
15:38:31: Driver Version: 7.14.1.5026
15:38:31:  * Fixed function pipeline: yes
15:38:31:  * Hardware generation of mipmaps: yes
15:38:31:  * Texture blending: yes
15:38:31:  * Anisotropic texture filtering: yes
15:38:31:  * Dot product texture operation: yes
15:38:31:  * Cube mapping: yes
15:38:31:  * Hardware stencil buffer: yes
15:38:31:    - Stencil depth: 8
15:38:31:    - Two sided stencil support: yes
15:38:31:    - Wrap stencil values: yes
15:38:31:  * Hardware vertex / index buffers: yes
15:38:31:  * Vertex programs: yes
15:38:31:  * Number of floating-point constants for vertex programs: 256
15:38:31:  * Number of integer constants for vertex programs: 16
15:38:31:  * Number of boolean constants for vertex programs: 16
15:38:31:  * Fragment programs: yes
15:38:31:  * Number of floating-point constants for fragment programs: 224
15:38:31:  * Number of integer constants for fragment programs: 16
15:38:31:  * Number of boolean constants for fragment programs: 16
15:38:31:  * Geometry programs: no
15:38:31:  * Number of floating-point constants for geometry programs: 0
15:38:31:  * Number of integer constants for geometry programs: 0
15:38:31:  * Number of boolean constants for geometry programs: 0
15:38:31:  * Supported Shader Profiles: hlsl ps_1_1 ps_1_2 ps_1_3 ps_1_4 ps_2_0 ps_2_a ps_2_b ps_2_x ps_3_0 vs_1_1 vs_2_0 vs_2_a vs_2_x vs_3_0
15:38:31:  * Texture Compression: yes
15:38:31:    - DXT: yes
15:38:31:    - VTC: no
15:38:31:    - PVRTC: no
15:38:31:  * Scissor Rectangle: yes
15:38:31:  * Hardware Occlusion Query: yes
15:38:31:  * User clip planes: yes
15:38:31:  * VET_UBYTE4 vertex element type: yes
15:38:31:  * Infinite far plane projection: yes
15:38:31:  * Hardware render-to-texture: yes
15:38:31:  * Floating point textures: yes
15:38:31:  * Non-power-of-two textures: yes
15:38:31:  * Volume textures: yes
15:38:31:  * Multiple Render Targets: 4
15:38:31:    - With different bit depths: yes
15:38:31:  * Point Sprites: yes
15:38:31:  * Extended point parameters: yes
15:38:31:  * Max Point Size: 10
15:38:31:  * Vertex texture fetch: yes
15:38:31:  * Number of world matrices: 0
15:38:31:  * Number of texture units: 8
15:38:31:  * Stencil buffer depth: 8
15:38:31:  * Number of vertex blend matrices: 0
15:38:31:    - Max vertex textures: 4
15:38:31:    - Vertex textures shared: no
15:38:31:  * Render to Vertex Buffer : no
15:38:31:  * DirectX per stage constants: no
15:38:31: DefaultWorkQueue('Root') initialising on thread main.
15:38:31: Particle Renderer Type 'billboard' registered
15:38:31: SceneManagerFactory for type 'OctreeSceneManager' registered.
15:38:31: SceneManagerFactory for type 'TerrainSceneManager' registered.
15:38:31: OGRE EXCEPTION(5:ItemIdentityException): Cannot find a group named Default in ResourceGroupManager::isResourceGroupInitialised at ..\..\ogre\OgreMain\src\OgreResourceGroupManager.cpp (line 495)
