15:44:40: Creating resource group General
15:44:40: Creating resource group Internal
15:44:40: Creating resource group Autodetect
15:44:40: SceneManagerFactory for type 'DefaultSceneManager' registered.
15:44:40: Registering ResourceManager for type Material
15:44:40: Registering ResourceManager for type Mesh
15:44:40: Registering ResourceManager for type Skeleton
15:44:40: MovableObjectFactory for type 'ParticleSystem' registered.
15:44:40: OverlayElementFactory for type Panel registered.
15:44:40: OverlayElementFactory for type BorderPanel registered.
15:44:40: OverlayElementFactory for type TextArea registered.
15:44:40: Registering ResourceManager for type Font
15:44:40: ArchiveFactory for archive type FileSystem registered.
15:44:40: ArchiveFactory for archive type Zip registered.
15:44:40: DDS codec registering
15:44:40: FreeImage version: 3.13.1
15:44:40: This program uses FreeImage, a free, open source image library supporting all common bitmap formats. See http://freeimage.sourceforge.net for details
15:44:40: Supported formats: bmp,ico,jpg,jif,jpeg,jpe,jng,koa,iff,lbm,mng,pbm,pbm,pcd,pcx,pgm,pgm,png,ppm,ppm,ras,tga,targa,tif,tiff,wap,wbmp,wbm,psd,cut,xbm,xpm,gif,hdr,g3,sgi,exr,j2k,j2c,jp2,pfm,pct,pict,pic,bay,bmq,cr2,crw,cs1,dc2,dcr,dng,erf,fff,hdr,k25,kdc,mdc,mos,mrw,nef,orf,pef,pxn,raf,raw,rdc,sr2,srf,arw,3fr,cine,ia,kc2,mef,nrw,qtk,rw2,sti,drf,dsc,ptx,cap,iiq,rwz
15:44:40: PVRTC codec registering
15:44:40: Registering ResourceManager for type HighLevelGpuProgram
15:44:40: Registering ResourceManager for type Compositor
15:44:40: MovableObjectFactory for type 'Entity' registered.
15:44:40: MovableObjectFactory for type 'Light' registered.
15:44:40: MovableObjectFactory for type 'BillboardSet' registered.
15:44:40: MovableObjectFactory for type 'ManualObject' registered.
15:44:40: MovableObjectFactory for type 'BillboardChain' registered.
15:44:40: MovableObjectFactory for type 'RibbonTrail' registered.
15:44:40: Loading library .\RenderSystem_Direct3D9_d
15:44:40: Installing plugin: D3D9 RenderSystem
15:44:40: D3D9 : Direct3D9 Rendering Subsystem created.
15:44:40: D3D9: Driver Detection Starts
15:44:40: D3D9: Driver Detection Ends
15:44:40: Plugin successfully installed
15:44:40: Loading library .\Plugin_ParticleFX_d
15:44:40: Installing plugin: ParticleFX
15:44:40: Particle Emitter Type 'Point' registered
15:44:40: Particle Emitter Type 'Box' registered
15:44:40: Particle Emitter Type 'Ellipsoid' registered
15:44:40: Particle Emitter Type 'Cylinder' registered
15:44:40: Particle Emitter Type 'Ring' registered
15:44:40: Particle Emitter Type 'HollowEllipsoid' registered
15:44:40: Particle Affector Type 'LinearForce' registered
15:44:40: Particle Affector Type 'ColourFader' registered
15:44:40: Particle Affector Type 'ColourFader2' registered
15:44:40: Particle Affector Type 'ColourImage' registered
15:44:40: Particle Affector Type 'ColourInterpolator' registered
15:44:40: Particle Affector Type 'Scaler' registered
15:44:40: Particle Affector Type 'Rotator' registered
15:44:40: Particle Affector Type 'DirectionRandomiser' registered
15:44:40: Particle Affector Type 'DeflectorPlane' registered
15:44:40: Plugin successfully installed
15:44:40: Loading library .\Plugin_OctreeSceneManager_d
15:44:40: Installing plugin: Octree & Terrain Scene Manager
15:44:40: Plugin successfully installed
15:44:40: Loading library .\Plugin_CgProgramManager_d
15:44:40: Installing plugin: Cg Program Manager
15:44:40: Plugin successfully installed
15:44:40: *-*-* OGRE Initialising
15:44:40: *-*-* Version 1.7.1 (Cthugha)
15:44:41: CPU Identifier & Features
15:44:41: -------------------------
15:44:41:  *   CPU ID: GenuineIntel: Intel(R) Core(TM) i7-4558U CPU @ 2.80GHz
15:44:41:  *      SSE: yes
15:44:41:  *     SSE2: yes
15:44:41:  *     SSE3: yes
15:44:41:  *      MMX: yes
15:44:41:  *   MMXEXT: yes
15:44:41:  *    3DNOW: no
15:44:41:  * 3DNOWEXT: no
15:44:41:  *     CMOV: yes
15:44:41:  *      TSC: yes
15:44:41:  *      FPU: yes
15:44:41:  *      PRO: yes
15:44:41:  *       HT: no
15:44:41: -------------------------
15:44:41: D3D9 : Subsystem Initialising
15:44:41: Registering ResourceManager for type Texture
15:44:41: Registering ResourceManager for type GpuProgram
15:44:41: ***************************************
15:44:41: *** D3D9 : Subsystem Initialised OK ***
15:44:41: ***************************************
15:44:41: D3D9RenderSystem::_createRenderWindow "Mogre Quickstart 2010", 800x600 windowed  miscParams: vsync=true 
15:44:41: D3D9 : Created D3D9 Rendering Window 'Mogre Quickstart 2010' : 800x600, 32bpp
15:44:41: D3D9: Vertex texture format supported - PF_FLOAT16_RGB
15:44:41: D3D9: Vertex texture format supported - PF_FLOAT16_RGBA
15:44:41: D3D9: Vertex texture format supported - PF_FLOAT32_RGB
15:44:41: D3D9: Vertex texture format supported - PF_FLOAT32_RGBA
15:44:41: D3D9: Vertex texture format supported - PF_FLOAT16_R
15:44:41: D3D9: Vertex texture format supported - PF_FLOAT32_R
15:44:41: D3D9: Vertex texture format supported - PF_FLOAT16_GR
15:44:41: D3D9: Vertex texture format supported - PF_FLOAT32_GR
15:44:41: RenderSystem capabilities
15:44:41: -------------------------
15:44:41: RenderSystem Name: Direct3D9 Rendering Subsystem
15:44:41: GPU Vendor: unknown
15:44:41: Device Name: Monitor-1-VMware SVGA 3D
15:44:41: Driver Version: 7.14.1.5026
15:44:41:  * Fixed function pipeline: yes
15:44:41:  * Hardware generation of mipmaps: yes
15:44:41:  * Texture blending: yes
15:44:41:  * Anisotropic texture filtering: yes
15:44:41:  * Dot product texture operation: yes
15:44:41:  * Cube mapping: yes
15:44:41:  * Hardware stencil buffer: yes
15:44:41:    - Stencil depth: 8
15:44:41:    - Two sided stencil support: yes
15:44:41:    - Wrap stencil values: yes
15:44:41:  * Hardware vertex / index buffers: yes
15:44:41:  * Vertex programs: yes
15:44:41:  * Number of floating-point constants for vertex programs: 256
15:44:41:  * Number of integer constants for vertex programs: 16
15:44:41:  * Number of boolean constants for vertex programs: 16
15:44:41:  * Fragment programs: yes
15:44:41:  * Number of floating-point constants for fragment programs: 224
15:44:41:  * Number of integer constants for fragment programs: 16
15:44:41:  * Number of boolean constants for fragment programs: 16
15:44:41:  * Geometry programs: no
15:44:41:  * Number of floating-point constants for geometry programs: 0
15:44:41:  * Number of integer constants for geometry programs: 0
15:44:41:  * Number of boolean constants for geometry programs: 0
15:44:41:  * Supported Shader Profiles: hlsl ps_1_1 ps_1_2 ps_1_3 ps_1_4 ps_2_0 ps_2_a ps_2_b ps_2_x ps_3_0 vs_1_1 vs_2_0 vs_2_a vs_2_x vs_3_0
15:44:41:  * Texture Compression: yes
15:44:41:    - DXT: yes
15:44:41:    - VTC: no
15:44:41:    - PVRTC: no
15:44:41:  * Scissor Rectangle: yes
15:44:41:  * Hardware Occlusion Query: yes
15:44:41:  * User clip planes: yes
15:44:41:  * VET_UBYTE4 vertex element type: yes
15:44:41:  * Infinite far plane projection: yes
15:44:41:  * Hardware render-to-texture: yes
15:44:41:  * Floating point textures: yes
15:44:41:  * Non-power-of-two textures: yes
15:44:41:  * Volume textures: yes
15:44:41:  * Multiple Render Targets: 4
15:44:41:    - With different bit depths: yes
15:44:41:  * Point Sprites: yes
15:44:41:  * Extended point parameters: yes
15:44:41:  * Max Point Size: 10
15:44:41:  * Vertex texture fetch: yes
15:44:41:  * Number of world matrices: 0
15:44:41:  * Number of texture units: 8
15:44:41:  * Stencil buffer depth: 8
15:44:41:  * Number of vertex blend matrices: 0
15:44:41:    - Max vertex textures: 4
15:44:41:    - Vertex textures shared: no
15:44:41:  * Render to Vertex Buffer : no
15:44:41:  * DirectX per stage constants: no
15:44:41: DefaultWorkQueue('Root') initialising on thread main.
15:44:41: Particle Renderer Type 'billboard' registered
15:44:41: SceneManagerFactory for type 'OctreeSceneManager' registered.
15:44:41: SceneManagerFactory for type 'TerrainSceneManager' registered.
15:44:41: Creating resource group Bootstrap
15:44:41: Added resource location '../../../../Media/OgreCore.zip' of type 'Zip' to resource group 'Bootstrap' with recursive option
15:44:41: Creating resource group Default
15:44:41: Added resource location '../../../../Media/textures' of type 'FileSystem' to resource group 'Default' with recursive option
15:44:41: Added resource location '../../../../Media/materials' of type 'FileSystem' to resource group 'Default' with recursive option
15:44:41: Added resource location '../../../../Media/models' of type 'FileSystem' to resource group 'Default' with recursive option
15:44:41: Initialising resource group Default
15:44:41: Parsing scripts for resource group Default
15:44:41: Parsing script Ogre.material
15:44:41: Finished parsing scripts for resource group Default
15:44:41: Loading resource group 'Default' - Resources: 1 World Geometry: 1
15:44:41: Texture: spheremap.png: Loading 1 faces(PF_R8G8B8,256x256x1) with  hardware generated mipmaps from Image. Internal format is PF_X8R8G8B8,256x256x1.
15:44:41: Texture: GreenSkin.jpg: Loading 1 faces(PF_R8G8B8,256x256x1) with  hardware generated mipmaps from Image. Internal format is PF_X8R8G8B8,256x256x1.
15:44:41: Texture: tusk.jpg: Loading 1 faces(PF_R8G8B8,96x96x1) with 6 generated mipmaps from Image. Internal format is PF_X8R8G8B8,96x96x1.
15:44:41: Finished loading resource group Default
15:44:41: Mesh: Loading ogrehead.mesh.
15:44:57: Unloading resource group Default
15:44:57: Finished unloading resource group Default
15:44:57: Clearing resource group Autodetect
15:44:57: Finished clearing resource group Autodetect
15:44:57: Clearing resource group Bootstrap
15:44:57: Finished clearing resource group Bootstrap
15:44:57: Clearing resource group Default
15:44:57: Finished clearing resource group Default
15:44:57: Clearing resource group General
15:44:57: Finished clearing resource group General
15:44:57: Clearing resource group Internal
15:44:57: Finished clearing resource group Internal
15:44:57: DefaultWorkQueue('Root') shutting down on thread main.
15:44:57: *-*-* OGRE Shutdown
15:44:57: Unregistering ResourceManager for type Compositor
15:44:57: Unregistering ResourceManager for type Font
15:44:57: Unregistering ResourceManager for type Skeleton
15:44:57: Unregistering ResourceManager for type Mesh
15:44:57: Unregistering ResourceManager for type HighLevelGpuProgram
15:44:57: Uninstalling plugin: Cg Program Manager
15:44:57: Plugin successfully uninstalled
15:44:57: Unloading library .\Plugin_CgProgramManager_d
15:44:57: Uninstalling plugin: Octree & Terrain Scene Manager
15:44:57: Plugin successfully uninstalled
15:44:57: Unloading library .\Plugin_OctreeSceneManager_d
15:44:57: Uninstalling plugin: ParticleFX
15:44:57: Plugin successfully uninstalled
15:44:57: Unloading library .\Plugin_ParticleFX_d
15:44:57: Uninstalling plugin: D3D9 RenderSystem
15:44:57: D3D9 : Shutting down cleanly.
15:44:57: Unregistering ResourceManager for type Texture
15:44:57: Unregistering ResourceManager for type GpuProgram
15:44:57: D3D9 : Direct3D9 Rendering Subsystem destroyed.
15:44:57: Plugin successfully uninstalled
15:44:57: Unloading library .\RenderSystem_Direct3D9_d
15:44:57: Unregistering ResourceManager for type Material
